生成启动时间为 2017/4/14 4:18:24。
     1>项目“D:\freeWork\201703\Object_Detection_Sample\Object_Detection_Sample\Object_Detection_Sample.vcxproj”在节点 2 上(Build 个目标)。
     1>ClCompile:
         C:\Program Files (x86)\Microsoft Visual Studio 12.0\VC\bin\x86_amd64\CL.exe /c /Zi /nologo /W3 /WX- /sdl /O2 /Oi /GL /D WIN32 /D NDEBUG /D _CONSOLE /D _LIB /D _UNICODE /D UNICODE /Gm- /EHsc /MD /GS /Gy /fp:precise /Zc:wchar_t /Zc:forScope /Fo"x64\Release\\" /Fd"x64\Release\vc120.pdb" /Gd /TP /errorReport:prompt Object_Detection_Sample.cpp
         Object_Detection_Sample.cpp
     1>D:\opencv3x\opencv\build\install\include\opencv2/core/mat.hpp(1959): warning C4819: 该文件包含不能在当前代码页(936)中表示的字符。请将该文件保存为 Unicode 格式以防止数据丢失
     1>D:\opencv3x\opencv\build\install\include\opencv2/core/persistence.hpp : warning C4819: 该文件包含不能在当前代码页(936)中表示的字符。请将该文件保存为 Unicode 格式以防止数据丢失
     1>D:\opencv3x\opencv\build\install\include\opencv2/core/utility.hpp : warning C4819: 该文件包含不能在当前代码页(936)中表示的字符。请将该文件保存为 Unicode 格式以防止数据丢失
     1>D:\opencv3x\opencv\build\install\include\opencv2/imgproc.hpp(618): warning C4819: 该文件包含不能在当前代码页(936)中表示的字符。请将该文件保存为 Unicode 格式以防止数据丢失
     1>Object_Detection_Sample.cpp(89): warning C4244: “=”: 从“double”转换到“int”，可能丢失数据
     1>Object_Detection_Sample.cpp(90): warning C4244: “=”: 从“double”转换到“int”，可能丢失数据
       Link:
         C:\Program Files (x86)\Microsoft Visual Studio 12.0\VC\bin\x86_amd64\link.exe /ERRORREPORT:PROMPT /OUT:"D:\freeWork\201703\Object_Detection_Sample\x64\Release\Object_Detection_Sample.exe" /INCREMENTAL:NO /NOLOGO opencv_aruco310.lib opencv_bgsegm310.lib opencv_bioinspired310.lib opencv_calib3d310.lib opencv_ccalib310.lib opencv_core310.lib opencv_datasets310.lib opencv_dnn310.lib opencv_dpm310d.lib opencv_face310.lib opencv_features2d310.lib opencv_flann310.lib opencv_fuzzy310.lib opencv_highgui310.lib opencv_imgcodecs310.lib opencv_imgproc310.lib opencv_line_descriptor310.lib opencv_ml310.lib opencv_objdetect310.lib opencv_optflow310.lib opencv_photo310.lib opencv_plot310.lib opencv_reg310.lib opencv_rgbd310.lib opencv_saliency310.lib opencv_shape310.lib opencv_stereo310.lib opencv_stitching310.lib opencv_structured_light310.lib opencv_superres310.lib opencv_surface_matching310.lib opencv_text310.lib opencv_tracking310.lib opencv_video310.lib opencv_videoio310.lib opencv_videostab310.lib opencv_xfeatures2d310.lib opencv_ximgproc310.lib opencv_xobjdetect310.lib opencv_xphoto310.lib kernel32.lib user32.lib gdi32.lib winspool.lib comdlg32.lib advapi32.lib shell32.lib ole32.lib oleaut32.lib uuid.lib odbc32.lib odbccp32.lib opencv_aruco310.lib opencv_bgsegm310.lib opencv_bioinspired310.lib opencv_calib3d310.lib opencv_ccalib310.lib opencv_core310.lib opencv_datasets310.lib opencv_dnn310.lib opencv_dpm310.lib opencv_face310.lib opencv_features2d310.lib opencv_flann310.lib opencv_fuzzy310.lib opencv_highgui310.lib opencv_imgcodecs310d.lib opencv_imgproc310.lib opencv_line_descriptor310.lib opencv_ml310.lib opencv_objdetect310.lib opencv_optflow310.lib opencv_photo310.lib opencv_plot310.lib opencv_reg310.lib opencv_rgbd310.lib opencv_saliency310.lib opencv_shape310.lib opencv_stereo310.lib opencv_stitching310.lib opencv_structured_light310.lib opencv_superres310.lib opencv_surface_matching310.lib opencv_text310.lib opencv_tracking310.lib opencv_video310.lib opencv_videoio310.lib opencv_videostab310d.lib opencv_xfeatures2d310d.lib opencv_ximgproc310d.lib opencv_xobjdetect310.lib opencv_xphoto310.lib opencv_aruco310d.lib opencv_bgsegm310d.lib opencv_bioinspired310d.lib opencv_calib3d310d.lib opencv_ccalib310d.lib opencv_core310d.lib opencv_datasets310d.lib opencv_dnn310d.lib opencv_dpm310d.lib opencv_face310d.lib opencv_features2d310d.lib opencv_flann310d.lib opencv_fuzzy310d.lib opencv_highgui310d.lib opencv_imgcodecs310d.lib opencv_imgproc310d.lib opencv_line_descriptor310d.lib opencv_ml310d.lib opencv_objdetect310d.lib opencv_optflow310d.lib opencv_photo310d.lib opencv_plot310d.lib opencv_reg310d.lib opencv_rgbd310d.lib opencv_saliency310d.lib opencv_shape310d.lib opencv_stereo310d.lib opencv_stitching310d.lib opencv_structured_light310d.lib opencv_superres310d.lib opencv_surface_matching310d.lib opencv_text310d.lib opencv_tracking310d.lib opencv_video310d.lib opencv_videoio310d.lib opencv_videostab310d.lib opencv_xfeatures2d310d.lib opencv_ximgproc310d.lib opencv_xobjdetect310d.lib opencv_xphoto310d.lib kernel32.lib user32.lib gdi32.lib winspool.lib comdlg32.lib advapi32.lib shell32.lib ole32.lib oleaut32.lib uuid.lib odbc32.lib odbccp32.lib /MANIFEST /MANIFESTUAC:"level='asInvoker' uiAccess='false'" /manifest:embed /DEBUG /PDB:"D:\freeWork\201703\Object_Detection_Sample\x64\Release\Object_Detection_Sample.pdb" /SUBSYSTEM:CONSOLE /OPT:REF /OPT:ICF /LTCG /TLBID:1 /DYNAMICBASE /NXCOMPAT /IMPLIB:"D:\freeWork\201703\Object_Detection_Sample\x64\Release\Object_Detection_Sample.lib" /MACHINE:X64 x64\Release\helper.obj
         x64\Release\lbp.obj
         x64\Release\Object_Detection_Sample.obj
         x64\Release\stdafx.obj
         x64\Release\TrainSVM.obj
         x64\Release\util.obj
         正在生成代码
         已完成代码的生成
         Object_Detection_Sample.vcxproj -> D:\freeWork\201703\Object_Detection_Sample\x64\Release\Object_Detection_Sample.exe
     1>已完成生成项目“D:\freeWork\201703\Object_Detection_Sample\Object_Detection_Sample\Object_Detection_Sample.vcxproj”(Build 个目标)的操作。

生成成功。

已用时间 00:00:06.34
